<?xml version="1.0" encoding="UTF-8"?>
<testsuite xmlns:xsi="http://www.w3.org/2001/XMLSchema-instance" xsi:noNamespaceSchemaLocation="https://maven.apache.org/surefire/maven-surefire-plugin/xsd/surefire-test-report-3.0.xsd" version="3.0" name="com.Abhishek.ControllerTest" time="3.817" tests="4" errors="0" skipped="0" failures="0">
  <properties>
[...]
</properties>
  <testcase name="testAdd" classname="com.Abhishek.ControllerTest" time="1.19">
    <system-err><![CDATA[Apr 13, 2023 1:11:37 PM org.springframework.test.context.support.AbstractTestContextBootstrapper getDefaultTestExecutionListenerClassNames
INFO: Loaded default TestExecutionListener class names from location [META-INF/spring.factories]: [org.springframework.test.context.web.ServletTestExecutionListener, org.springframework.test.context.support.DirtiesContextBeforeModesTestExecutionListener, org.springframework.test.context.support.DependencyInjectionTestExecutionListener, org.springframework.test.context.support.DirtiesContextTestExecutionListener, org.springframework.test.context.transaction.TransactionalTestExecutionListener, org.springframework.test.context.jdbc.SqlScriptsTestExecutionListener]
Apr 13, 2023 1:11:37 PM org.springframework.test.context.support.AbstractTestContextBootstrapper getTestExecutionListeners
INFO: Using TestExecutionListeners: [org.springframework.test.context.web.ServletTestExecutionListener@63070bab, org.springframework.test.context.support.DirtiesContextBeforeModesTestExecutionListener@68e5eea7, org.springframework.test.context.support.DependencyInjectionTestExecutionListener@291b4bf5, org.springframework.test.context.support.DirtiesContextTestExecutionListener@2d2ffcb7]
Apr 13, 2023 1:11:38 PM org.springframework.mock.web.MockServletContext log
INFO: Initializing Spring TestDispatcherServlet ''
Apr 13, 2023 1:11:38 PM org.springframework.web.servlet.FrameworkServlet initServletBean
INFO: Initializing Servlet ''
Apr 13, 2023 1:11:38 PM org.springframework.web.servlet.FrameworkServlet initServletBean
INFO: Completed initialization in 17 ms
]]></system-err>
  </testcase>
  <testcase name="testMultiplication" classname="com.Abhishek.ControllerTest" time="0.508">
    <system-err><![CDATA[Apr 13, 2023 1:11:39 PM org.springframework.mock.web.MockServletContext log
INFO: Initializing Spring TestDispatcherServlet ''
Apr 13, 2023 1:11:39 PM org.springframework.web.servlet.FrameworkServlet initServletBean
INFO: Initializing Servlet ''
Apr 13, 2023 1:11:39 PM org.springframework.web.servlet.FrameworkServlet initServletBean
INFO: Completed initialization in 5 ms
]]></system-err>
  </testcase>
  <testcase name="testSubstraction" classname="com.Abhishek.ControllerTest" time="0.378">
    <system-err><![CDATA[Apr 13, 2023 1:11:39 PM org.springframework.mock.web.MockServletContext log
INFO: Initializing Spring TestDispatcherServlet ''
Apr 13, 2023 1:11:39 PM org.springframework.web.servlet.FrameworkServlet initServletBean
INFO: Initializing Servlet ''
Apr 13, 2023 1:11:39 PM org.springframework.web.servlet.FrameworkServlet initServletBean
INFO: Completed initialization in 1 ms
]]></system-err>
  </testcase>
  <testcase name="testDivision" classname="com.Abhishek.ControllerTest" time="0.308">
    <system-err><![CDATA[Apr 13, 2023 1:11:40 PM org.springframework.mock.web.MockServletContext log
INFO: Initializing Spring TestDispatcherServlet ''
Apr 13, 2023 1:11:40 PM org.springframework.web.servlet.FrameworkServlet initServletBean
INFO: Initializing Servlet ''
Apr 13, 2023 1:11:40 PM org.springframework.web.servlet.FrameworkServlet initServletBean
INFO: Completed initialization in 1 ms
]]></system-err>
  </testcase>
</testsuite>